2017-09-19 14:03:44 INFO  [main][ContextLoader.java:272] - Root WebApplicationContext: initialization started
2017-09-19 14:03:44 INFO  [main][AbstractApplicationContext.java:513] - Refreshing Root WebApplicationContext: startup date [Tue Sep 19 14:03:44 CST 2017]; root of context hierarchy
2017-09-19 14:03:44 INFO  [main][XmlBeanDefinitionReader.java:316] - Loading XML bean definitions from class path resource [applicationContext.xml]
2017-09-19 14:03:45 INFO  [main][AutowiredAnnotationBeanPostProcessor.java:141] - JSR-330 'javax.inject.Inject' annotation found and supported for autowiring
2017-09-19 14:03:45 INFO  [main][ContextLoader.java:312] - Root WebApplicationContext: initialization completed in 1005 ms
2017-09-19 14:03:45 INFO  [main][FrameworkServlet.java:461] - FrameworkServlet 'springmvc': initialization started
2017-09-19 14:03:45 INFO  [main][AbstractApplicationContext.java:513] - Refreshing WebApplicationContext for namespace 'springmvc-servlet': startup date [Tue Sep 19 14:03:45 CST 2017]; parent: Root WebApplicationContext
2017-09-19 14:03:45 INFO  [main][XmlBeanDefinitionReader.java:316] - Loading XML bean definitions from class path resource [spring-mvc.xml]
2017-09-19 14:03:46 INFO  [main][AutowiredAnnotationBeanPostProcessor.java:141] - JSR-330 'javax.inject.Inject' annotation found and supported for autowiring
2017-09-19 14:03:46 INFO  [main][AbstractHandlerMethodMapping.java:181] - Mapped "{[/customer/add],methods=[POST],params=[],headers=[],consumes=[],produces=[],custom=[]}" onto public java.lang.String com.macroflag.dp_cms.web.CustomerController.add(com.macroflag.dp_cms.vo.CustomerModel)
2017-09-19 14:03:46 INFO  [main][AbstractHandlerMethodMapping.java:181] - Mapped "{[/customer/update],methods=[POST],params=[],headers=[],consumes=[],produces=[],custom=[]}" onto public java.lang.String com.macroflag.dp_cms.web.CustomerController.update(com.macroflag.dp_cms.vo.CustomerModel)
2017-09-19 14:03:46 INFO  [main][AbstractHandlerMethodMapping.java:181] - Mapped "{[/customer/delete],methods=[POST],params=[],headers=[],consumes=[],produces=[],custom=[]}" onto public java.lang.String com.macroflag.dp_cms.web.CustomerController.delete(int)
2017-09-19 14:03:46 INFO  [main][AbstractHandlerMethodMapping.java:181] - Mapped "{[/customer/toAdd],methods=[GET],params=[],headers=[],consumes=[],produces=[],custom=[]}" onto public java.lang.String com.macroflag.dp_cms.web.CustomerController.toAdd()
2017-09-19 14:03:46 INFO  [main][AbstractHandlerMethodMapping.java:181] - Mapped "{[/customer/toUpate/(customerUuid)],methods=[GET],params=[],headers=[],consumes=[],produces=[],custom=[]}" onto public java.lang.String com.macroflag.dp_cms.web.CustomerController.toUpdate(org.springframework.ui.Model,int)
2017-09-19 14:03:46 INFO  [main][AbstractHandlerMethodMapping.java:181] - Mapped "{[/index/list],methods=[GET],params=[],headers=[],consumes=[],produces=[],custom=[]}" onto public java.lang.String com.macroflag.dp_cms.web.IndexController.index()
2017-09-19 14:03:46 INFO  [main][AbstractHandlerMethodMapping.java:181] - Mapped "{[/index/getPV],methods=[GET || POST],params=[],headers=[],consumes=[],produces=[],custom=[]}" onto public com.macroflag.dp_cms.vo.UVQueryModel com.macroflag.dp_cms.web.IndexController.getPV(java.lang.String,java.lang.String)
2017-09-19 14:03:46 INFO  [main][AbstractHandlerMethodMapping.java:181] - Mapped "{[/logout],methods=[],params=[],headers=[],consumes=[],produces=[],custom=[]}" onto public java.lang.String com.macroflag.dp_cms.web.LoginController.logout(javax.servlet.http.HttpSession) throws java.lang.Exception
2017-09-19 14:03:46 INFO  [main][AbstractHandlerMethodMapping.java:181] - Mapped "{[/login],methods=[GET],params=[],headers=[],consumes=[],produces=[],custom=[]}" onto public java.lang.String com.macroflag.dp_cms.web.LoginController.login(javax.servlet.http.HttpSession)
2017-09-19 14:03:46 INFO  [main][AbstractHandlerMethodMapping.java:181] - Mapped "{[/login_submit],methods=[POST],params=[],headers=[],consumes=[],produces=[],custom=[]}" onto public java.lang.String com.macroflag.dp_cms.web.LoginController.login_submit(javax.servlet.http.HttpSession,org.springframework.ui.Model,java.lang.String,java.lang.String)
2017-09-19 14:03:46 INFO  [main][AbstractHandlerMethodMapping.java:181] - Mapped "{[/analytics/index],methods=[GET],params=[],headers=[],consumes=[],produces=[],custom=[]}" onto public java.lang.String com.macroflag.dp_cms.web.MetadataController.index(org.springframework.ui.Model)
2017-09-19 14:03:46 INFO  [main][AbstractHandlerMethodMapping.java:181] - Mapped "{[/analytics/1.gif],methods=[GET],params=[],headers=[],consumes=[],produces=[],custom=[]}" onto public void com.macroflag.dp_cms.web.MetadataController.add(javax.servlet.http.HttpServletResponse,com.macroflag.dp_cms.vo.MetadataModel)
2017-09-19 14:03:46 INFO  [main][AbstractHandlerMethodMapping.java:181] - Mapped "{[/analytics/page],methods=[GET],params=[],headers=[],consumes=[],produces=[],custom=[]}" onto public com.macroflag.dp_cms.vo.Page<com.macroflag.dp_cms.vo.MetadataQueryModel> com.macroflag.dp_cms.web.MetadataController.getPageList(com.macroflag.dp_cms.vo.MetadataQueryModel)
2017-09-19 14:03:46 INFO  [main][AbstractHandlerMethodMapping.java:181] - Mapped "{[/pv/list],methods=[GET],params=[],headers=[],consumes=[],produces=[],custom=[]}" onto public java.lang.String com.macroflag.dp_cms.web.PVController.index()
2017-09-19 14:03:46 INFO  [main][AbstractHandlerMethodMapping.java:181] - Mapped "{[/pv/getPV],methods=[GET || POST],params=[],headers=[],consumes=[],produces=[],custom=[]}" onto public com.macroflag.dp_cms.vo.PVQueryModel com.macroflag.dp_cms.web.PVController.getPV(java.lang.String,java.lang.String,java.lang.String)
2017-09-19 14:03:46 INFO  [main][AbstractHandlerMethodMapping.java:181] - Mapped "{[/uv/list],methods=[GET],params=[],headers=[],consumes=[],produces=[],custom=[]}" onto public java.lang.String com.macroflag.dp_cms.web.UVController.index()
2017-09-19 14:03:46 INFO  [main][AbstractHandlerMethodMapping.java:181] - Mapped "{[/uv/getUV],methods=[GET || POST],params=[],headers=[],consumes=[],produces=[],custom=[]}" onto public com.macroflag.dp_cms.vo.UVQueryModel com.macroflag.dp_cms.web.UVController.getUV(java.lang.String,java.lang.String)
2017-09-19 14:03:46 INFO  [main][AbstractUrlHandlerMapping.java:315] - Mapped URL path [/**] onto handler 'org.springframework.web.servlet.resource.DefaultServletHttpRequestHandler#0'
2017-09-19 14:03:46 INFO  [main][AbstractUrlHandlerMapping.java:315] - Mapped URL path [/static/**] onto handler 'org.springframework.web.servlet.resource.ResourceHttpRequestHandler#0'
2017-09-19 14:03:46 INFO  [main][FrameworkServlet.java:480] - FrameworkServlet 'springmvc': initialization completed in 683 ms
