2017-09-12 15:06:16 INFO  [Scanner-0][ContextLoader.java:272] - Root WebApplicationContext: initialization started
2017-09-12 15:06:16 INFO  [Scanner-0][AbstractApplicationContext.java:513] - Refreshing Root WebApplicationContext: startup date [Tue Sep 12 15:06:16 CST 2017]; root of context hierarchy
2017-09-12 15:06:16 INFO  [Scanner-0][XmlBeanDefinitionReader.java:316] - Loading XML bean definitions from class path resource [applicationContext.xml]
2017-09-12 15:06:16 INFO  [Scanner-0][AutowiredAnnotationBeanPostProcessor.java:141] - JSR-330 'javax.inject.Inject' annotation found and supported for autowiring
2017-09-12 15:06:16 INFO  [Scanner-0][ContextLoader.java:312] - Root WebApplicationContext: initialization completed in 420 ms
2017-09-12 15:06:16 INFO  [Scanner-0][FrameworkServlet.java:461] - FrameworkServlet 'springmvc': initialization started
2017-09-12 15:06:16 INFO  [Scanner-0][AbstractApplicationContext.java:513] - Refreshing WebApplicationContext for namespace 'springmvc-servlet': startup date [Tue Sep 12 15:06:16 CST 2017]; parent: Root WebApplicationContext
2017-09-12 15:06:16 INFO  [Scanner-0][XmlBeanDefinitionReader.java:316] - Loading XML bean definitions from class path resource [spring-mvc.xml]
2017-09-12 15:06:16 INFO  [Scanner-0][AutowiredAnnotationBeanPostProcessor.java:141] - JSR-330 'javax.inject.Inject' annotation found and supported for autowiring
2017-09-12 15:06:17 INFO  [Scanner-0][AbstractHandlerMethodMapping.java:181] - Mapped "{[/customer/add],methods=[POST],params=[],headers=[],consumes=[],produces=[],custom=[]}" onto public java.lang.String com.macroflag.dp_cms.web.CustomerController.add(com.macroflag.dp_cms.vo.CustomerModel)
2017-09-12 15:06:17 INFO  [Scanner-0][AbstractHandlerMethodMapping.java:181] - Mapped "{[/customer/update],methods=[POST],params=[],headers=[],consumes=[],produces=[],custom=[]}" onto public java.lang.String com.macroflag.dp_cms.web.CustomerController.update(com.macroflag.dp_cms.vo.CustomerModel)
2017-09-12 15:06:17 INFO  [Scanner-0][AbstractHandlerMethodMapping.java:181] - Mapped "{[/customer/delete],methods=[POST],params=[],headers=[],consumes=[],produces=[],custom=[]}" onto public java.lang.String com.macroflag.dp_cms.web.CustomerController.delete(int)
2017-09-12 15:06:17 INFO  [Scanner-0][AbstractHandlerMethodMapping.java:181] - Mapped "{[/customer/toAdd],methods=[GET],params=[],headers=[],consumes=[],produces=[],custom=[]}" onto public java.lang.String com.macroflag.dp_cms.web.CustomerController.toAdd()
2017-09-12 15:06:17 INFO  [Scanner-0][AbstractHandlerMethodMapping.java:181] - Mapped "{[/customer/toUpate/(customerUuid)],methods=[GET],params=[],headers=[],consumes=[],produces=[],custom=[]}" onto public java.lang.String com.macroflag.dp_cms.web.CustomerController.toUpdate(org.springframework.ui.Model,int)
2017-09-12 15:06:17 INFO  [Scanner-0][AbstractHandlerMethodMapping.java:181] - Mapped "{[/index/list],methods=[GET],params=[],headers=[],consumes=[],produces=[],custom=[]}" onto public java.lang.String com.macroflag.dp_cms.web.IndexController.index()
2017-09-12 15:06:17 INFO  [Scanner-0][AbstractHandlerMethodMapping.java:181] - Mapped "{[/analytics/1.gif],methods=[GET],params=[],headers=[],consumes=[],produces=[],custom=[]}" onto public void com.macroflag.dp_cms.web.MetadataController.add(javax.servlet.http.HttpServletResponse,com.macroflag.dp_cms.vo.MetadataModel)
2017-09-12 15:06:17 INFO  [Scanner-0][AbstractUrlHandlerMapping.java:315] - Mapped URL path [/**] onto handler 'org.springframework.web.servlet.resource.DefaultServletHttpRequestHandler#0'
2017-09-12 15:06:17 INFO  [Scanner-0][AbstractUrlHandlerMapping.java:315] - Mapped URL path [/static/**] onto handler 'org.springframework.web.servlet.resource.ResourceHttpRequestHandler#0'
2017-09-12 15:06:17 INFO  [Scanner-0][FrameworkServlet.java:480] - FrameworkServlet 'springmvc': initialization completed in 403 ms
2017-09-12 15:06:32 INFO  [main][ContextLoader.java:272] - Root WebApplicationContext: initialization started
2017-09-12 15:06:32 INFO  [main][AbstractApplicationContext.java:513] - Refreshing Root WebApplicationContext: startup date [Tue Sep 12 15:06:32 CST 2017]; root of context hierarchy
2017-09-12 15:06:32 INFO  [main][XmlBeanDefinitionReader.java:316] - Loading XML bean definitions from class path resource [applicationContext.xml]
2017-09-12 15:06:32 INFO  [main][AutowiredAnnotationBeanPostProcessor.java:141] - JSR-330 'javax.inject.Inject' annotation found and supported for autowiring
2017-09-12 15:06:32 INFO  [main][ContextLoader.java:312] - Root WebApplicationContext: initialization completed in 595 ms
2017-09-12 15:06:33 INFO  [main][FrameworkServlet.java:461] - FrameworkServlet 'springmvc': initialization started
2017-09-12 15:06:33 INFO  [main][AbstractApplicationContext.java:513] - Refreshing WebApplicationContext for namespace 'springmvc-servlet': startup date [Tue Sep 12 15:06:33 CST 2017]; parent: Root WebApplicationContext
2017-09-12 15:06:33 INFO  [main][XmlBeanDefinitionReader.java:316] - Loading XML bean definitions from class path resource [spring-mvc.xml]
2017-09-12 15:06:33 INFO  [main][AutowiredAnnotationBeanPostProcessor.java:141] - JSR-330 'javax.inject.Inject' annotation found and supported for autowiring
2017-09-12 15:06:33 INFO  [main][AbstractHandlerMethodMapping.java:181] - Mapped "{[/customer/add],methods=[POST],params=[],headers=[],consumes=[],produces=[],custom=[]}" onto public java.lang.String com.macroflag.dp_cms.web.CustomerController.add(com.macroflag.dp_cms.vo.CustomerModel)
2017-09-12 15:06:33 INFO  [main][AbstractHandlerMethodMapping.java:181] - Mapped "{[/customer/update],methods=[POST],params=[],headers=[],consumes=[],produces=[],custom=[]}" onto public java.lang.String com.macroflag.dp_cms.web.CustomerController.update(com.macroflag.dp_cms.vo.CustomerModel)
2017-09-12 15:06:33 INFO  [main][AbstractHandlerMethodMapping.java:181] - Mapped "{[/customer/delete],methods=[POST],params=[],headers=[],consumes=[],produces=[],custom=[]}" onto public java.lang.String com.macroflag.dp_cms.web.CustomerController.delete(int)
2017-09-12 15:06:33 INFO  [main][AbstractHandlerMethodMapping.java:181] - Mapped "{[/customer/toAdd],methods=[GET],params=[],headers=[],consumes=[],produces=[],custom=[]}" onto public java.lang.String com.macroflag.dp_cms.web.CustomerController.toAdd()
2017-09-12 15:06:33 INFO  [main][AbstractHandlerMethodMapping.java:181] - Mapped "{[/customer/toUpate/(customerUuid)],methods=[GET],params=[],headers=[],consumes=[],produces=[],custom=[]}" onto public java.lang.String com.macroflag.dp_cms.web.CustomerController.toUpdate(org.springframework.ui.Model,int)
2017-09-12 15:06:33 INFO  [main][AbstractHandlerMethodMapping.java:181] - Mapped "{[/index/list],methods=[GET],params=[],headers=[],consumes=[],produces=[],custom=[]}" onto public java.lang.String com.macroflag.dp_cms.web.IndexController.index()
2017-09-12 15:06:33 INFO  [main][AbstractHandlerMethodMapping.java:181] - Mapped "{[/analytics/1.gif],methods=[GET],params=[],headers=[],consumes=[],produces=[],custom=[]}" onto public void com.macroflag.dp_cms.web.MetadataController.add(javax.servlet.http.HttpServletResponse,com.macroflag.dp_cms.vo.MetadataModel)
2017-09-12 15:06:33 INFO  [main][AbstractUrlHandlerMapping.java:315] - Mapped URL path [/**] onto handler 'org.springframework.web.servlet.resource.DefaultServletHttpRequestHandler#0'
2017-09-12 15:06:33 INFO  [main][AbstractUrlHandlerMapping.java:315] - Mapped URL path [/static/**] onto handler 'org.springframework.web.servlet.resource.ResourceHttpRequestHandler#0'
2017-09-12 15:06:33 INFO  [main][FrameworkServlet.java:480] - FrameworkServlet 'springmvc': initialization completed in 384 ms
2017-09-12 15:10:17 INFO  [main][ContextLoader.java:272] - Root WebApplicationContext: initialization started
2017-09-12 15:10:17 INFO  [main][AbstractApplicationContext.java:513] - Refreshing Root WebApplicationContext: startup date [Tue Sep 12 15:10:17 CST 2017]; root of context hierarchy
2017-09-12 15:10:17 INFO  [main][XmlBeanDefinitionReader.java:316] - Loading XML bean definitions from class path resource [applicationContext.xml]
2017-09-12 15:10:17 INFO  [main][AutowiredAnnotationBeanPostProcessor.java:141] - JSR-330 'javax.inject.Inject' annotation found and supported for autowiring
2017-09-12 15:10:17 INFO  [main][ContextLoader.java:312] - Root WebApplicationContext: initialization completed in 511 ms
2017-09-12 15:10:17 INFO  [main][FrameworkServlet.java:461] - FrameworkServlet 'springmvc': initialization started
2017-09-12 15:10:17 INFO  [main][AbstractApplicationContext.java:513] - Refreshing WebApplicationContext for namespace 'springmvc-servlet': startup date [Tue Sep 12 15:10:17 CST 2017]; parent: Root WebApplicationContext
2017-09-12 15:10:17 INFO  [main][XmlBeanDefinitionReader.java:316] - Loading XML bean definitions from class path resource [spring-mvc.xml]
2017-09-12 15:10:18 INFO  [main][AutowiredAnnotationBeanPostProcessor.java:141] - JSR-330 'javax.inject.Inject' annotation found and supported for autowiring
2017-09-12 15:10:18 INFO  [main][AbstractHandlerMethodMapping.java:181] - Mapped "{[/customer/add],methods=[POST],params=[],headers=[],consumes=[],produces=[],custom=[]}" onto public java.lang.String com.macroflag.dp_cms.web.CustomerController.add(com.macroflag.dp_cms.vo.CustomerModel)
2017-09-12 15:10:18 INFO  [main][AbstractHandlerMethodMapping.java:181] - Mapped "{[/customer/update],methods=[POST],params=[],headers=[],consumes=[],produces=[],custom=[]}" onto public java.lang.String com.macroflag.dp_cms.web.CustomerController.update(com.macroflag.dp_cms.vo.CustomerModel)
2017-09-12 15:10:18 INFO  [main][AbstractHandlerMethodMapping.java:181] - Mapped "{[/customer/delete],methods=[POST],params=[],headers=[],consumes=[],produces=[],custom=[]}" onto public java.lang.String com.macroflag.dp_cms.web.CustomerController.delete(int)
2017-09-12 15:10:18 INFO  [main][AbstractHandlerMethodMapping.java:181] - Mapped "{[/customer/toAdd],methods=[GET],params=[],headers=[],consumes=[],produces=[],custom=[]}" onto public java.lang.String com.macroflag.dp_cms.web.CustomerController.toAdd()
2017-09-12 15:10:18 INFO  [main][AbstractHandlerMethodMapping.java:181] - Mapped "{[/customer/toUpate/(customerUuid)],methods=[GET],params=[],headers=[],consumes=[],produces=[],custom=[]}" onto public java.lang.String com.macroflag.dp_cms.web.CustomerController.toUpdate(org.springframework.ui.Model,int)
2017-09-12 15:10:18 INFO  [main][AbstractHandlerMethodMapping.java:181] - Mapped "{[/index/list],methods=[GET],params=[],headers=[],consumes=[],produces=[],custom=[]}" onto public java.lang.String com.macroflag.dp_cms.web.IndexController.index()
2017-09-12 15:10:18 INFO  [main][AbstractHandlerMethodMapping.java:181] - Mapped "{[/analytics/1.gif],methods=[GET],params=[],headers=[],consumes=[],produces=[],custom=[]}" onto public void com.macroflag.dp_cms.web.MetadataController.add(javax.servlet.http.HttpServletResponse,com.macroflag.dp_cms.vo.MetadataModel)
2017-09-12 15:10:18 INFO  [main][AbstractUrlHandlerMapping.java:315] - Mapped URL path [/**] onto handler 'org.springframework.web.servlet.resource.DefaultServletHttpRequestHandler#0'
2017-09-12 15:10:18 INFO  [main][AbstractUrlHandlerMapping.java:315] - Mapped URL path [/static/**] onto handler 'org.springframework.web.servlet.resource.ResourceHttpRequestHandler#0'
2017-09-12 15:10:18 INFO  [main][FrameworkServlet.java:480] - FrameworkServlet 'springmvc': initialization completed in 569 ms
2017-09-12 15:11:08 INFO  [main][ContextLoader.java:272] - Root WebApplicationContext: initialization started
2017-09-12 15:11:08 INFO  [main][AbstractApplicationContext.java:513] - Refreshing Root WebApplicationContext: startup date [Tue Sep 12 15:11:08 CST 2017]; root of context hierarchy
2017-09-12 15:11:08 INFO  [main][XmlBeanDefinitionReader.java:316] - Loading XML bean definitions from class path resource [applicationContext.xml]
2017-09-12 15:11:08 INFO  [main][AutowiredAnnotationBeanPostProcessor.java:141] - JSR-330 'javax.inject.Inject' annotation found and supported for autowiring
2017-09-12 15:11:08 INFO  [main][ContextLoader.java:312] - Root WebApplicationContext: initialization completed in 603 ms
2017-09-12 15:11:08 INFO  [main][FrameworkServlet.java:461] - FrameworkServlet 'springmvc': initialization started
2017-09-12 15:11:08 INFO  [main][AbstractApplicationContext.java:513] - Refreshing WebApplicationContext for namespace 'springmvc-servlet': startup date [Tue Sep 12 15:11:08 CST 2017]; parent: Root WebApplicationContext
2017-09-12 15:11:08 INFO  [main][XmlBeanDefinitionReader.java:316] - Loading XML bean definitions from class path resource [spring-mvc.xml]
2017-09-12 15:11:08 INFO  [main][AutowiredAnnotationBeanPostProcessor.java:141] - JSR-330 'javax.inject.Inject' annotation found and supported for autowiring
2017-09-12 15:11:08 INFO  [main][AbstractHandlerMethodMapping.java:181] - Mapped "{[/customer/add],methods=[POST],params=[],headers=[],consumes=[],produces=[],custom=[]}" onto public java.lang.String com.macroflag.dp_cms.web.CustomerController.add(com.macroflag.dp_cms.vo.CustomerModel)
2017-09-12 15:11:08 INFO  [main][AbstractHandlerMethodMapping.java:181] - Mapped "{[/customer/update],methods=[POST],params=[],headers=[],consumes=[],produces=[],custom=[]}" onto public java.lang.String com.macroflag.dp_cms.web.CustomerController.update(com.macroflag.dp_cms.vo.CustomerModel)
2017-09-12 15:11:08 INFO  [main][AbstractHandlerMethodMapping.java:181] - Mapped "{[/customer/delete],methods=[POST],params=[],headers=[],consumes=[],produces=[],custom=[]}" onto public java.lang.String com.macroflag.dp_cms.web.CustomerController.delete(int)
2017-09-12 15:11:08 INFO  [main][AbstractHandlerMethodMapping.java:181] - Mapped "{[/customer/toAdd],methods=[GET],params=[],headers=[],consumes=[],produces=[],custom=[]}" onto public java.lang.String com.macroflag.dp_cms.web.CustomerController.toAdd()
2017-09-12 15:11:08 INFO  [main][AbstractHandlerMethodMapping.java:181] - Mapped "{[/customer/toUpate/(customerUuid)],methods=[GET],params=[],headers=[],consumes=[],produces=[],custom=[]}" onto public java.lang.String com.macroflag.dp_cms.web.CustomerController.toUpdate(org.springframework.ui.Model,int)
2017-09-12 15:11:08 INFO  [main][AbstractHandlerMethodMapping.java:181] - Mapped "{[/index/list],methods=[GET],params=[],headers=[],consumes=[],produces=[],custom=[]}" onto public java.lang.String com.macroflag.dp_cms.web.IndexController.index()
2017-09-12 15:11:08 INFO  [main][AbstractHandlerMethodMapping.java:181] - Mapped "{[/analytics/1.gif],methods=[GET],params=[],headers=[],consumes=[],produces=[],custom=[]}" onto public void com.macroflag.dp_cms.web.MetadataController.add(javax.servlet.http.HttpServletResponse,com.macroflag.dp_cms.vo.MetadataModel)
2017-09-12 15:11:09 INFO  [main][AbstractUrlHandlerMapping.java:315] - Mapped URL path [/**] onto handler 'org.springframework.web.servlet.resource.DefaultServletHttpRequestHandler#0'
2017-09-12 15:11:09 INFO  [main][AbstractUrlHandlerMapping.java:315] - Mapped URL path [/static/**] onto handler 'org.springframework.web.servlet.resource.ResourceHttpRequestHandler#0'
2017-09-12 15:11:09 INFO  [main][FrameworkServlet.java:480] - FrameworkServlet 'springmvc': initialization completed in 416 ms
2017-09-12 15:13:09 INFO  [main][ContextLoader.java:272] - Root WebApplicationContext: initialization started
2017-09-12 15:13:09 INFO  [main][AbstractApplicationContext.java:513] - Refreshing Root WebApplicationContext: startup date [Tue Sep 12 15:13:09 CST 2017]; root of context hierarchy
2017-09-12 15:13:09 INFO  [main][XmlBeanDefinitionReader.java:316] - Loading XML bean definitions from class path resource [applicationContext.xml]
2017-09-12 15:13:09 INFO  [main][AutowiredAnnotationBeanPostProcessor.java:141] - JSR-330 'javax.inject.Inject' annotation found and supported for autowiring
2017-09-12 15:13:09 INFO  [main][ContextLoader.java:312] - Root WebApplicationContext: initialization completed in 521 ms
2017-09-12 15:13:09 INFO  [main][FrameworkServlet.java:461] - FrameworkServlet 'springmvc': initialization started
2017-09-12 15:13:09 INFO  [main][AbstractApplicationContext.java:513] - Refreshing WebApplicationContext for namespace 'springmvc-servlet': startup date [Tue Sep 12 15:13:09 CST 2017]; parent: Root WebApplicationContext
2017-09-12 15:13:09 INFO  [main][XmlBeanDefinitionReader.java:316] - Loading XML bean definitions from class path resource [spring-mvc.xml]
2017-09-12 15:13:09 INFO  [main][AutowiredAnnotationBeanPostProcessor.java:141] - JSR-330 'javax.inject.Inject' annotation found and supported for autowiring
2017-09-12 15:13:10 INFO  [main][AbstractHandlerMethodMapping.java:181] - Mapped "{[/customer/add],methods=[POST],params=[],headers=[],consumes=[],produces=[],custom=[]}" onto public java.lang.String com.macroflag.dp_cms.web.CustomerController.add(com.macroflag.dp_cms.vo.CustomerModel)
2017-09-12 15:13:10 INFO  [main][AbstractHandlerMethodMapping.java:181] - Mapped "{[/customer/update],methods=[POST],params=[],headers=[],consumes=[],produces=[],custom=[]}" onto public java.lang.String com.macroflag.dp_cms.web.CustomerController.update(com.macroflag.dp_cms.vo.CustomerModel)
2017-09-12 15:13:10 INFO  [main][AbstractHandlerMethodMapping.java:181] - Mapped "{[/customer/delete],methods=[POST],params=[],headers=[],consumes=[],produces=[],custom=[]}" onto public java.lang.String com.macroflag.dp_cms.web.CustomerController.delete(int)
2017-09-12 15:13:10 INFO  [main][AbstractHandlerMethodMapping.java:181] - Mapped "{[/customer/toAdd],methods=[GET],params=[],headers=[],consumes=[],produces=[],custom=[]}" onto public java.lang.String com.macroflag.dp_cms.web.CustomerController.toAdd()
2017-09-12 15:13:10 INFO  [main][AbstractHandlerMethodMapping.java:181] - Mapped "{[/customer/toUpate/(customerUuid)],methods=[GET],params=[],headers=[],consumes=[],produces=[],custom=[]}" onto public java.lang.String com.macroflag.dp_cms.web.CustomerController.toUpdate(org.springframework.ui.Model,int)
2017-09-12 15:13:10 INFO  [main][AbstractHandlerMethodMapping.java:181] - Mapped "{[/index/list],methods=[GET],params=[],headers=[],consumes=[],produces=[],custom=[]}" onto public java.lang.String com.macroflag.dp_cms.web.IndexController.index()
2017-09-12 15:13:10 INFO  [main][AbstractHandlerMethodMapping.java:181] - Mapped "{[/analytics/1.gif],methods=[GET],params=[],headers=[],consumes=[],produces=[],custom=[]}" onto public void com.macroflag.dp_cms.web.MetadataController.add(javax.servlet.http.HttpServletResponse,com.macroflag.dp_cms.vo.MetadataModel)
2017-09-12 15:13:10 INFO  [main][AbstractUrlHandlerMapping.java:315] - Mapped URL path [/**] onto handler 'org.springframework.web.servlet.resource.DefaultServletHttpRequestHandler#0'
2017-09-12 15:13:10 INFO  [main][AbstractUrlHandlerMapping.java:315] - Mapped URL path [/static/**] onto handler 'org.springframework.web.servlet.resource.ResourceHttpRequestHandler#0'
2017-09-12 15:13:10 INFO  [main][FrameworkServlet.java:480] - FrameworkServlet 'springmvc': initialization completed in 604 ms
2017-09-12 15:15:22 INFO  [Scanner-0][AbstractApplicationContext.java:873] - Closing WebApplicationContext for namespace 'springmvc-servlet': startup date [Tue Sep 12 15:13:09 CST 2017]; parent: Root WebApplicationContext
2017-09-12 15:15:22 INFO  [Scanner-0][AbstractApplicationContext.java:873] - Closing Root WebApplicationContext: startup date [Tue Sep 12 15:13:09 CST 2017]; root of context hierarchy
2017-09-12 15:15:24 INFO  [Scanner-0][ContextLoader.java:272] - Root WebApplicationContext: initialization started
2017-09-12 15:15:24 INFO  [Scanner-0][AbstractApplicationContext.java:513] - Refreshing Root WebApplicationContext: startup date [Tue Sep 12 15:15:24 CST 2017]; root of context hierarchy
2017-09-12 15:15:24 INFO  [Scanner-0][XmlBeanDefinitionReader.java:316] - Loading XML bean definitions from class path resource [applicationContext.xml]
2017-09-12 15:15:25 INFO  [Scanner-0][AutowiredAnnotationBeanPostProcessor.java:141] - JSR-330 'javax.inject.Inject' annotation found and supported for autowiring
2017-09-12 15:15:25 INFO  [Scanner-0][ContextLoader.java:312] - Root WebApplicationContext: initialization completed in 582 ms
2017-09-12 15:15:25 INFO  [Scanner-0][FrameworkServlet.java:461] - FrameworkServlet 'springmvc': initialization started
2017-09-12 15:15:25 INFO  [Scanner-0][AbstractApplicationContext.java:513] - Refreshing WebApplicationContext for namespace 'springmvc-servlet': startup date [Tue Sep 12 15:15:25 CST 2017]; parent: Root WebApplicationContext
2017-09-12 15:15:25 INFO  [Scanner-0][XmlBeanDefinitionReader.java:316] - Loading XML bean definitions from class path resource [spring-mvc.xml]
2017-09-12 15:15:25 INFO  [Scanner-0][AutowiredAnnotationBeanPostProcessor.java:141] - JSR-330 'javax.inject.Inject' annotation found and supported for autowiring
2017-09-12 15:15:25 INFO  [Scanner-0][AbstractHandlerMethodMapping.java:181] - Mapped "{[/customer/add],methods=[POST],params=[],headers=[],consumes=[],produces=[],custom=[]}" onto public java.lang.String com.macroflag.dp_cms.web.CustomerController.add(com.macroflag.dp_cms.vo.CustomerModel)
2017-09-12 15:15:25 INFO  [Scanner-0][AbstractHandlerMethodMapping.java:181] - Mapped "{[/customer/update],methods=[POST],params=[],headers=[],consumes=[],produces=[],custom=[]}" onto public java.lang.String com.macroflag.dp_cms.web.CustomerController.update(com.macroflag.dp_cms.vo.CustomerModel)
2017-09-12 15:15:25 INFO  [Scanner-0][AbstractHandlerMethodMapping.java:181] - Mapped "{[/customer/delete],methods=[POST],params=[],headers=[],consumes=[],produces=[],custom=[]}" onto public java.lang.String com.macroflag.dp_cms.web.CustomerController.delete(int)
2017-09-12 15:15:25 INFO  [Scanner-0][AbstractHandlerMethodMapping.java:181] - Mapped "{[/customer/toAdd],methods=[GET],params=[],headers=[],consumes=[],produces=[],custom=[]}" onto public java.lang.String com.macroflag.dp_cms.web.CustomerController.toAdd()
2017-09-12 15:15:25 INFO  [Scanner-0][AbstractHandlerMethodMapping.java:181] - Mapped "{[/customer/toUpate/(customerUuid)],methods=[GET],params=[],headers=[],consumes=[],produces=[],custom=[]}" onto public java.lang.String com.macroflag.dp_cms.web.CustomerController.toUpdate(org.springframework.ui.Model,int)
2017-09-12 15:15:25 INFO  [Scanner-0][AbstractHandlerMethodMapping.java:181] - Mapped "{[/index/list],methods=[GET],params=[],headers=[],consumes=[],produces=[],custom=[]}" onto public java.lang.String com.macroflag.dp_cms.web.IndexController.index()
2017-09-12 15:15:25 INFO  [Scanner-0][AbstractHandlerMethodMapping.java:181] - Mapped "{[/analytics/1.gif],methods=[GET],params=[],headers=[],consumes=[],produces=[],custom=[]}" onto public void com.macroflag.dp_cms.web.MetadataController.add(javax.servlet.http.HttpServletResponse,com.macroflag.dp_cms.vo.MetadataModel)
2017-09-12 15:15:25 INFO  [Scanner-0][AbstractUrlHandlerMapping.java:315] - Mapped URL path [/**] onto handler 'org.springframework.web.servlet.resource.DefaultServletHttpRequestHandler#0'
2017-09-12 15:15:25 INFO  [Scanner-0][AbstractUrlHandlerMapping.java:315] - Mapped URL path [/static/**] onto handler 'org.springframework.web.servlet.resource.ResourceHttpRequestHandler#0'
2017-09-12 15:15:25 INFO  [Scanner-0][FrameworkServlet.java:480] - FrameworkServlet 'springmvc': initialization completed in 310 ms
2017-09-12 15:18:34 INFO  [Scanner-0][AbstractApplicationContext.java:873] - Closing WebApplicationContext for namespace 'springmvc-servlet': startup date [Tue Sep 12 15:15:25 CST 2017]; parent: Root WebApplicationContext
2017-09-12 15:18:34 INFO  [Scanner-0][AbstractApplicationContext.java:873] - Closing Root WebApplicationContext: startup date [Tue Sep 12 15:15:24 CST 2017]; root of context hierarchy
2017-09-12 15:18:36 INFO  [Scanner-0][ContextLoader.java:272] - Root WebApplicationContext: initialization started
2017-09-12 15:18:36 INFO  [Scanner-0][AbstractApplicationContext.java:513] - Refreshing Root WebApplicationContext: startup date [Tue Sep 12 15:18:36 CST 2017]; root of context hierarchy
2017-09-12 15:18:36 INFO  [Scanner-0][XmlBeanDefinitionReader.java:316] - Loading XML bean definitions from class path resource [applicationContext.xml]
2017-09-12 15:18:36 INFO  [Scanner-0][AutowiredAnnotationBeanPostProcessor.java:141] - JSR-330 'javax.inject.Inject' annotation found and supported for autowiring
2017-09-12 15:18:37 INFO  [Scanner-0][ContextLoader.java:312] - Root WebApplicationContext: initialization completed in 510 ms
2017-09-12 15:18:37 INFO  [Scanner-0][FrameworkServlet.java:461] - FrameworkServlet 'springmvc': initialization started
2017-09-12 15:18:37 INFO  [Scanner-0][AbstractApplicationContext.java:513] - Refreshing WebApplicationContext for namespace 'springmvc-servlet': startup date [Tue Sep 12 15:18:37 CST 2017]; parent: Root WebApplicationContext
2017-09-12 15:18:37 INFO  [Scanner-0][XmlBeanDefinitionReader.java:316] - Loading XML bean definitions from class path resource [spring-mvc.xml]
2017-09-12 15:18:37 INFO  [Scanner-0][AutowiredAnnotationBeanPostProcessor.java:141] - JSR-330 'javax.inject.Inject' annotation found and supported for autowiring
2017-09-12 15:18:37 INFO  [Scanner-0][AbstractHandlerMethodMapping.java:181] - Mapped "{[/customer/add],methods=[POST],params=[],headers=[],consumes=[],produces=[],custom=[]}" onto public java.lang.String com.macroflag.dp_cms.web.CustomerController.add(com.macroflag.dp_cms.vo.CustomerModel)
2017-09-12 15:18:37 INFO  [Scanner-0][AbstractHandlerMethodMapping.java:181] - Mapped "{[/customer/update],methods=[POST],params=[],headers=[],consumes=[],produces=[],custom=[]}" onto public java.lang.String com.macroflag.dp_cms.web.CustomerController.update(com.macroflag.dp_cms.vo.CustomerModel)
2017-09-12 15:18:37 INFO  [Scanner-0][AbstractHandlerMethodMapping.java:181] - Mapped "{[/customer/delete],methods=[POST],params=[],headers=[],consumes=[],produces=[],custom=[]}" onto public java.lang.String com.macroflag.dp_cms.web.CustomerController.delete(int)
2017-09-12 15:18:37 INFO  [Scanner-0][AbstractHandlerMethodMapping.java:181] - Mapped "{[/customer/toAdd],methods=[GET],params=[],headers=[],consumes=[],produces=[],custom=[]}" onto public java.lang.String com.macroflag.dp_cms.web.CustomerController.toAdd()
2017-09-12 15:18:37 INFO  [Scanner-0][AbstractHandlerMethodMapping.java:181] - Mapped "{[/customer/toUpate/(customerUuid)],methods=[GET],params=[],headers=[],consumes=[],produces=[],custom=[]}" onto public java.lang.String com.macroflag.dp_cms.web.CustomerController.toUpdate(org.springframework.ui.Model,int)
2017-09-12 15:18:37 INFO  [Scanner-0][AbstractHandlerMethodMapping.java:181] - Mapped "{[/index/list],methods=[GET],params=[],headers=[],consumes=[],produces=[],custom=[]}" onto public java.lang.String com.macroflag.dp_cms.web.IndexController.index()
2017-09-12 15:18:37 INFO  [Scanner-0][AbstractHandlerMethodMapping.java:181] - Mapped "{[/analytics/1.gif],methods=[GET],params=[],headers=[],consumes=[],produces=[],custom=[]}" onto public void com.macroflag.dp_cms.web.MetadataController.add(javax.servlet.http.HttpServletResponse,com.macroflag.dp_cms.vo.MetadataModel)
2017-09-12 15:18:37 INFO  [Scanner-0][AbstractUrlHandlerMapping.java:315] - Mapped URL path [/**] onto handler 'org.springframework.web.servlet.resource.DefaultServletHttpRequestHandler#0'
2017-09-12 15:18:37 INFO  [Scanner-0][AbstractUrlHandlerMapping.java:315] - Mapped URL path [/static/**] onto handler 'org.springframework.web.servlet.resource.ResourceHttpRequestHandler#0'
2017-09-12 15:18:37 INFO  [Scanner-0][FrameworkServlet.java:480] - FrameworkServlet 'springmvc': initialization completed in 381 ms
2017-09-12 16:22:27 INFO  [Scanner-0][AbstractApplicationContext.java:873] - Closing WebApplicationContext for namespace 'springmvc-servlet': startup date [Tue Sep 12 15:18:37 CST 2017]; parent: Root WebApplicationContext
2017-09-12 16:22:27 INFO  [Scanner-0][AbstractApplicationContext.java:873] - Closing Root WebApplicationContext: startup date [Tue Sep 12 15:18:36 CST 2017]; root of context hierarchy
2017-09-12 16:22:30 INFO  [Scanner-0][ContextLoader.java:272] - Root WebApplicationContext: initialization started
2017-09-12 16:22:30 INFO  [Scanner-0][AbstractApplicationContext.java:513] - Refreshing Root WebApplicationContext: startup date [Tue Sep 12 16:22:30 CST 2017]; root of context hierarchy
2017-09-12 16:22:30 INFO  [Scanner-0][XmlBeanDefinitionReader.java:316] - Loading XML bean definitions from class path resource [applicationContext.xml]
2017-09-12 16:22:30 INFO  [Scanner-0][AutowiredAnnotationBeanPostProcessor.java:141] - JSR-330 'javax.inject.Inject' annotation found and supported for autowiring
2017-09-12 16:22:30 INFO  [Scanner-0][ContextLoader.java:312] - Root WebApplicationContext: initialization completed in 412 ms
2017-09-12 16:22:30 INFO  [Scanner-0][FrameworkServlet.java:461] - FrameworkServlet 'springmvc': initialization started
2017-09-12 16:22:30 INFO  [Scanner-0][AbstractApplicationContext.java:513] - Refreshing WebApplicationContext for namespace 'springmvc-servlet': startup date [Tue Sep 12 16:22:30 CST 2017]; parent: Root WebApplicationContext
2017-09-12 16:22:30 INFO  [Scanner-0][XmlBeanDefinitionReader.java:316] - Loading XML bean definitions from class path resource [spring-mvc.xml]
2017-09-12 16:22:30 INFO  [Scanner-0][AutowiredAnnotationBeanPostProcessor.java:141] - JSR-330 'javax.inject.Inject' annotation found and supported for autowiring
2017-09-12 16:22:30 INFO  [Scanner-0][AbstractHandlerMethodMapping.java:181] - Mapped "{[/customer/add],methods=[POST],params=[],headers=[],consumes=[],produces=[],custom=[]}" onto public java.lang.String com.macroflag.dp_cms.web.CustomerController.add(com.macroflag.dp_cms.vo.CustomerModel)
2017-09-12 16:22:30 INFO  [Scanner-0][AbstractHandlerMethodMapping.java:181] - Mapped "{[/customer/update],methods=[POST],params=[],headers=[],consumes=[],produces=[],custom=[]}" onto public java.lang.String com.macroflag.dp_cms.web.CustomerController.update(com.macroflag.dp_cms.vo.CustomerModel)
2017-09-12 16:22:30 INFO  [Scanner-0][AbstractHandlerMethodMapping.java:181] - Mapped "{[/customer/delete],methods=[POST],params=[],headers=[],consumes=[],produces=[],custom=[]}" onto public java.lang.String com.macroflag.dp_cms.web.CustomerController.delete(int)
2017-09-12 16:22:30 INFO  [Scanner-0][AbstractHandlerMethodMapping.java:181] - Mapped "{[/customer/toAdd],methods=[GET],params=[],headers=[],consumes=[],produces=[],custom=[]}" onto public java.lang.String com.macroflag.dp_cms.web.CustomerController.toAdd()
2017-09-12 16:22:30 INFO  [Scanner-0][AbstractHandlerMethodMapping.java:181] - Mapped "{[/customer/toUpate/(customerUuid)],methods=[GET],params=[],headers=[],consumes=[],produces=[],custom=[]}" onto public java.lang.String com.macroflag.dp_cms.web.CustomerController.toUpdate(org.springframework.ui.Model,int)
2017-09-12 16:22:30 INFO  [Scanner-0][AbstractHandlerMethodMapping.java:181] - Mapped "{[/index/list],methods=[GET],params=[],headers=[],consumes=[],produces=[],custom=[]}" onto public java.lang.String com.macroflag.dp_cms.web.IndexController.index()
2017-09-12 16:22:30 INFO  [Scanner-0][AbstractHandlerMethodMapping.java:181] - Mapped "{[/analytics/1.gif],methods=[GET],params=[],headers=[],consumes=[],produces=[],custom=[]}" onto public void com.macroflag.dp_cms.web.MetadataController.add(javax.servlet.http.HttpServletResponse,com.macroflag.dp_cms.vo.MetadataModel)
2017-09-12 16:22:30 INFO  [Scanner-0][AbstractUrlHandlerMapping.java:315] - Mapped URL path [/**] onto handler 'org.springframework.web.servlet.resource.DefaultServletHttpRequestHandler#0'
2017-09-12 16:22:30 INFO  [Scanner-0][AbstractUrlHandlerMapping.java:315] - Mapped URL path [/static/**] onto handler 'org.springframework.web.servlet.resource.ResourceHttpRequestHandler#0'
2017-09-12 16:22:30 INFO  [Scanner-0][FrameworkServlet.java:480] - FrameworkServlet 'springmvc': initialization completed in 323 ms
2017-09-12 16:23:02 INFO  [Scanner-0][AbstractApplicationContext.java:873] - Closing WebApplicationContext for namespace 'springmvc-servlet': startup date [Tue Sep 12 16:22:30 CST 2017]; parent: Root WebApplicationContext
2017-09-12 16:23:02 INFO  [Scanner-0][AbstractApplicationContext.java:873] - Closing Root WebApplicationContext: startup date [Tue Sep 12 16:22:30 CST 2017]; root of context hierarchy
2017-09-12 16:23:05 INFO  [Scanner-0][ContextLoader.java:272] - Root WebApplicationContext: initialization started
2017-09-12 16:23:05 INFO  [Scanner-0][AbstractApplicationContext.java:513] - Refreshing Root WebApplicationContext: startup date [Tue Sep 12 16:23:05 CST 2017]; root of context hierarchy
2017-09-12 16:23:05 INFO  [Scanner-0][XmlBeanDefinitionReader.java:316] - Loading XML bean definitions from class path resource [applicationContext.xml]
2017-09-12 16:23:05 INFO  [Scanner-0][AutowiredAnnotationBeanPostProcessor.java:141] - JSR-330 'javax.inject.Inject' annotation found and supported for autowiring
2017-09-12 16:23:06 INFO  [Scanner-0][ContextLoader.java:312] - Root WebApplicationContext: initialization completed in 428 ms
2017-09-12 16:23:06 INFO  [Scanner-0][FrameworkServlet.java:461] - FrameworkServlet 'springmvc': initialization started
2017-09-12 16:23:06 INFO  [Scanner-0][AbstractApplicationContext.java:513] - Refreshing WebApplicationContext for namespace 'springmvc-servlet': startup date [Tue Sep 12 16:23:06 CST 2017]; parent: Root WebApplicationContext
2017-09-12 16:23:06 INFO  [Scanner-0][XmlBeanDefinitionReader.java:316] - Loading XML bean definitions from class path resource [spring-mvc.xml]
2017-09-12 16:23:06 INFO  [Scanner-0][AutowiredAnnotationBeanPostProcessor.java:141] - JSR-330 'javax.inject.Inject' annotation found and supported for autowiring
2017-09-12 16:23:06 INFO  [Scanner-0][AbstractHandlerMethodMapping.java:181] - Mapped "{[/customer/add],methods=[POST],params=[],headers=[],consumes=[],produces=[],custom=[]}" onto public java.lang.String com.macroflag.dp_cms.web.CustomerController.add(com.macroflag.dp_cms.vo.CustomerModel)
2017-09-12 16:23:06 INFO  [Scanner-0][AbstractHandlerMethodMapping.java:181] - Mapped "{[/customer/update],methods=[POST],params=[],headers=[],consumes=[],produces=[],custom=[]}" onto public java.lang.String com.macroflag.dp_cms.web.CustomerController.update(com.macroflag.dp_cms.vo.CustomerModel)
2017-09-12 16:23:06 INFO  [Scanner-0][AbstractHandlerMethodMapping.java:181] - Mapped "{[/customer/delete],methods=[POST],params=[],headers=[],consumes=[],produces=[],custom=[]}" onto public java.lang.String com.macroflag.dp_cms.web.CustomerController.delete(int)
2017-09-12 16:23:06 INFO  [Scanner-0][AbstractHandlerMethodMapping.java:181] - Mapped "{[/customer/toAdd],methods=[GET],params=[],headers=[],consumes=[],produces=[],custom=[]}" onto public java.lang.String com.macroflag.dp_cms.web.CustomerController.toAdd()
2017-09-12 16:23:06 INFO  [Scanner-0][AbstractHandlerMethodMapping.java:181] - Mapped "{[/customer/toUpate/(customerUuid)],methods=[GET],params=[],headers=[],consumes=[],produces=[],custom=[]}" onto public java.lang.String com.macroflag.dp_cms.web.CustomerController.toUpdate(org.springframework.ui.Model,int)
2017-09-12 16:23:06 INFO  [Scanner-0][AbstractHandlerMethodMapping.java:181] - Mapped "{[/index/list],methods=[GET],params=[],headers=[],consumes=[],produces=[],custom=[]}" onto public java.lang.String com.macroflag.dp_cms.web.IndexController.index()
2017-09-12 16:23:06 INFO  [Scanner-0][AbstractHandlerMethodMapping.java:181] - Mapped "{[/analytics/index],methods=[GET],params=[],headers=[],consumes=[],produces=[],custom=[]}" onto public java.lang.String com.macroflag.dp_cms.web.MetadataController.index()
2017-09-12 16:23:06 INFO  [Scanner-0][AbstractHandlerMethodMapping.java:181] - Mapped "{[/analytics/1.gif],methods=[GET],params=[],headers=[],consumes=[],produces=[],custom=[]}" onto public void com.macroflag.dp_cms.web.MetadataController.add(javax.servlet.http.HttpServletResponse,com.macroflag.dp_cms.vo.MetadataModel)
2017-09-12 16:23:06 INFO  [Scanner-0][AbstractUrlHandlerMapping.java:315] - Mapped URL path [/**] onto handler 'org.springframework.web.servlet.resource.DefaultServletHttpRequestHandler#0'
2017-09-12 16:23:06 INFO  [Scanner-0][AbstractUrlHandlerMapping.java:315] - Mapped URL path [/static/**] onto handler 'org.springframework.web.servlet.resource.ResourceHttpRequestHandler#0'
2017-09-12 16:23:06 INFO  [Scanner-0][FrameworkServlet.java:480] - FrameworkServlet 'springmvc': initialization completed in 330 ms
2017-09-12 16:48:28 INFO  [Scanner-0][AbstractApplicationContext.java:873] - Closing WebApplicationContext for namespace 'springmvc-servlet': startup date [Tue Sep 12 16:23:06 CST 2017]; parent: Root WebApplicationContext
2017-09-12 16:48:28 INFO  [Scanner-0][AbstractApplicationContext.java:873] - Closing Root WebApplicationContext: startup date [Tue Sep 12 16:23:05 CST 2017]; root of context hierarchy
2017-09-12 16:48:30 INFO  [Scanner-0][ContextLoader.java:272] - Root WebApplicationContext: initialization started
2017-09-12 16:48:30 INFO  [Scanner-0][AbstractApplicationContext.java:513] - Refreshing Root WebApplicationContext: startup date [Tue Sep 12 16:48:30 CST 2017]; root of context hierarchy
2017-09-12 16:48:30 INFO  [Scanner-0][XmlBeanDefinitionReader.java:316] - Loading XML bean definitions from class path resource [applicationContext.xml]
2017-09-12 16:48:30 INFO  [Scanner-0][AutowiredAnnotationBeanPostProcessor.java:141] - JSR-330 'javax.inject.Inject' annotation found and supported for autowiring
2017-09-12 16:48:31 INFO  [Scanner-0][ContextLoader.java:312] - Root WebApplicationContext: initialization completed in 435 ms
2017-09-12 16:48:31 INFO  [Scanner-0][FrameworkServlet.java:461] - FrameworkServlet 'springmvc': initialization started
2017-09-12 16:48:31 INFO  [Scanner-0][AbstractApplicationContext.java:513] - Refreshing WebApplicationContext for namespace 'springmvc-servlet': startup date [Tue Sep 12 16:48:31 CST 2017]; parent: Root WebApplicationContext
2017-09-12 16:48:31 INFO  [Scanner-0][XmlBeanDefinitionReader.java:316] - Loading XML bean definitions from class path resource [spring-mvc.xml]
2017-09-12 16:48:31 INFO  [Scanner-0][AutowiredAnnotationBeanPostProcessor.java:141] - JSR-330 'javax.inject.Inject' annotation found and supported for autowiring
2017-09-12 16:48:31 INFO  [Scanner-0][AbstractHandlerMethodMapping.java:181] - Mapped "{[/customer/add],methods=[POST],params=[],headers=[],consumes=[],produces=[],custom=[]}" onto public java.lang.String com.macroflag.dp_cms.web.CustomerController.add(com.macroflag.dp_cms.vo.CustomerModel)
2017-09-12 16:48:31 INFO  [Scanner-0][AbstractHandlerMethodMapping.java:181] - Mapped "{[/customer/update],methods=[POST],params=[],headers=[],consumes=[],produces=[],custom=[]}" onto public java.lang.String com.macroflag.dp_cms.web.CustomerController.update(com.macroflag.dp_cms.vo.CustomerModel)
2017-09-12 16:48:31 INFO  [Scanner-0][AbstractHandlerMethodMapping.java:181] - Mapped "{[/customer/delete],methods=[POST],params=[],headers=[],consumes=[],produces=[],custom=[]}" onto public java.lang.String com.macroflag.dp_cms.web.CustomerController.delete(int)
2017-09-12 16:48:31 INFO  [Scanner-0][AbstractHandlerMethodMapping.java:181] - Mapped "{[/customer/toAdd],methods=[GET],params=[],headers=[],consumes=[],produces=[],custom=[]}" onto public java.lang.String com.macroflag.dp_cms.web.CustomerController.toAdd()
2017-09-12 16:48:31 INFO  [Scanner-0][AbstractHandlerMethodMapping.java:181] - Mapped "{[/customer/toUpate/(customerUuid)],methods=[GET],params=[],headers=[],consumes=[],produces=[],custom=[]}" onto public java.lang.String com.macroflag.dp_cms.web.CustomerController.toUpdate(org.springframework.ui.Model,int)
2017-09-12 16:48:31 INFO  [Scanner-0][AbstractHandlerMethodMapping.java:181] - Mapped "{[/index/list],methods=[GET],params=[],headers=[],consumes=[],produces=[],custom=[]}" onto public java.lang.String com.macroflag.dp_cms.web.IndexController.index()
2017-09-12 16:48:31 INFO  [Scanner-0][AbstractHandlerMethodMapping.java:181] - Mapped "{[/analytics/index],methods=[GET],params=[],headers=[],consumes=[],produces=[],custom=[]}" onto public java.lang.String com.macroflag.dp_cms.web.MetadataController.index()
2017-09-12 16:48:31 INFO  [Scanner-0][AbstractHandlerMethodMapping.java:181] - Mapped "{[/analytics/1.gif],methods=[GET],params=[],headers=[],consumes=[],produces=[],custom=[]}" onto public void com.macroflag.dp_cms.web.MetadataController.add(javax.servlet.http.HttpServletResponse,com.macroflag.dp_cms.vo.MetadataModel)
2017-09-12 16:48:31 INFO  [Scanner-0][AbstractUrlHandlerMapping.java:315] - Mapped URL path [/**] onto handler 'org.springframework.web.servlet.resource.DefaultServletHttpRequestHandler#0'
2017-09-12 16:48:31 INFO  [Scanner-0][AbstractUrlHandlerMapping.java:315] - Mapped URL path [/static/**] onto handler 'org.springframework.web.servlet.resource.ResourceHttpRequestHandler#0'
2017-09-12 16:48:31 INFO  [Scanner-0][FrameworkServlet.java:480] - FrameworkServlet 'springmvc': initialization completed in 651 ms
2017-09-12 16:54:20 INFO  [main][ContextLoader.java:272] - Root WebApplicationContext: initialization started
2017-09-12 16:54:20 INFO  [main][AbstractApplicationContext.java:513] - Refreshing Root WebApplicationContext: startup date [Tue Sep 12 16:54:20 CST 2017]; root of context hierarchy
2017-09-12 16:54:20 INFO  [main][XmlBeanDefinitionReader.java:316] - Loading XML bean definitions from class path resource [applicationContext.xml]
2017-09-12 16:54:20 INFO  [main][AutowiredAnnotationBeanPostProcessor.java:141] - JSR-330 'javax.inject.Inject' annotation found and supported for autowiring
2017-09-12 16:54:20 INFO  [main][ContextLoader.java:312] - Root WebApplicationContext: initialization completed in 515 ms
2017-09-12 16:54:20 INFO  [main][FrameworkServlet.java:461] - FrameworkServlet 'springmvc': initialization started
2017-09-12 16:54:20 INFO  [main][AbstractApplicationContext.java:513] - Refreshing WebApplicationContext for namespace 'springmvc-servlet': startup date [Tue Sep 12 16:54:20 CST 2017]; parent: Root WebApplicationContext
2017-09-12 16:54:20 INFO  [main][XmlBeanDefinitionReader.java:316] - Loading XML bean definitions from class path resource [spring-mvc.xml]
2017-09-12 16:54:20 INFO  [main][AutowiredAnnotationBeanPostProcessor.java:141] - JSR-330 'javax.inject.Inject' annotation found and supported for autowiring
2017-09-12 16:54:21 INFO  [main][AbstractHandlerMethodMapping.java:181] - Mapped "{[/customer/add],methods=[POST],params=[],headers=[],consumes=[],produces=[],custom=[]}" onto public java.lang.String com.macroflag.dp_cms.web.CustomerController.add(com.macroflag.dp_cms.vo.CustomerModel)
2017-09-12 16:54:21 INFO  [main][AbstractHandlerMethodMapping.java:181] - Mapped "{[/customer/update],methods=[POST],params=[],headers=[],consumes=[],produces=[],custom=[]}" onto public java.lang.String com.macroflag.dp_cms.web.CustomerController.update(com.macroflag.dp_cms.vo.CustomerModel)
2017-09-12 16:54:21 INFO  [main][AbstractHandlerMethodMapping.java:181] - Mapped "{[/customer/delete],methods=[POST],params=[],headers=[],consumes=[],produces=[],custom=[]}" onto public java.lang.String com.macroflag.dp_cms.web.CustomerController.delete(int)
2017-09-12 16:54:21 INFO  [main][AbstractHandlerMethodMapping.java:181] - Mapped "{[/customer/toAdd],methods=[GET],params=[],headers=[],consumes=[],produces=[],custom=[]}" onto public java.lang.String com.macroflag.dp_cms.web.CustomerController.toAdd()
2017-09-12 16:54:21 INFO  [main][AbstractHandlerMethodMapping.java:181] - Mapped "{[/customer/toUpate/(customerUuid)],methods=[GET],params=[],headers=[],consumes=[],produces=[],custom=[]}" onto public java.lang.String com.macroflag.dp_cms.web.CustomerController.toUpdate(org.springframework.ui.Model,int)
2017-09-12 16:54:21 INFO  [main][AbstractHandlerMethodMapping.java:181] - Mapped "{[/index/list],methods=[GET],params=[],headers=[],consumes=[],produces=[],custom=[]}" onto public java.lang.String com.macroflag.dp_cms.web.IndexController.index()
2017-09-12 16:54:21 INFO  [main][AbstractHandlerMethodMapping.java:181] - Mapped "{[/analytics/index],methods=[GET],params=[],headers=[],consumes=[],produces=[],custom=[]}" onto public java.lang.String com.macroflag.dp_cms.web.MetadataController.index(org.springframework.ui.Model)
2017-09-12 16:54:21 INFO  [main][AbstractHandlerMethodMapping.java:181] - Mapped "{[/analytics/1.gif],methods=[GET],params=[],headers=[],consumes=[],produces=[],custom=[]}" onto public void com.macroflag.dp_cms.web.MetadataController.add(javax.servlet.http.HttpServletResponse,com.macroflag.dp_cms.vo.MetadataModel)
2017-09-12 16:54:21 INFO  [main][AbstractUrlHandlerMapping.java:315] - Mapped URL path [/**] onto handler 'org.springframework.web.servlet.resource.DefaultServletHttpRequestHandler#0'
2017-09-12 16:54:21 INFO  [main][AbstractUrlHandlerMapping.java:315] - Mapped URL path [/static/**] onto handler 'org.springframework.web.servlet.resource.ResourceHttpRequestHandler#0'
2017-09-12 16:54:21 INFO  [main][FrameworkServlet.java:480] - FrameworkServlet 'springmvc': initialization completed in 607 ms
2017-09-12 17:01:26 INFO  [Scanner-0][AbstractApplicationContext.java:873] - Closing WebApplicationContext for namespace 'springmvc-servlet': startup date [Tue Sep 12 16:54:20 CST 2017]; parent: Root WebApplicationContext
2017-09-12 17:01:26 INFO  [Scanner-0][AbstractApplicationContext.java:873] - Closing Root WebApplicationContext: startup date [Tue Sep 12 16:54:20 CST 2017]; root of context hierarchy
2017-09-12 17:01:28 INFO  [Scanner-0][ContextLoader.java:272] - Root WebApplicationContext: initialization started
2017-09-12 17:01:28 INFO  [Scanner-0][AbstractApplicationContext.java:513] - Refreshing Root WebApplicationContext: startup date [Tue Sep 12 17:01:28 CST 2017]; root of context hierarchy
2017-09-12 17:01:28 INFO  [Scanner-0][XmlBeanDefinitionReader.java:316] - Loading XML bean definitions from class path resource [applicationContext.xml]
2017-09-12 17:01:29 INFO  [Scanner-0][AutowiredAnnotationBeanPostProcessor.java:141] - JSR-330 'javax.inject.Inject' annotation found and supported for autowiring
2017-09-12 17:01:29 INFO  [Scanner-0][ContextLoader.java:312] - Root WebApplicationContext: initialization completed in 475 ms
2017-09-12 17:01:29 INFO  [Scanner-0][FrameworkServlet.java:461] - FrameworkServlet 'springmvc': initialization started
2017-09-12 17:01:29 INFO  [Scanner-0][AbstractApplicationContext.java:513] - Refreshing WebApplicationContext for namespace 'springmvc-servlet': startup date [Tue Sep 12 17:01:29 CST 2017]; parent: Root WebApplicationContext
2017-09-12 17:01:29 INFO  [Scanner-0][XmlBeanDefinitionReader.java:316] - Loading XML bean definitions from class path resource [spring-mvc.xml]
2017-09-12 17:01:29 INFO  [Scanner-0][AutowiredAnnotationBeanPostProcessor.java:141] - JSR-330 'javax.inject.Inject' annotation found and supported for autowiring
2017-09-12 17:01:29 INFO  [Scanner-0][AbstractHandlerMethodMapping.java:181] - Mapped "{[/customer/add],methods=[POST],params=[],headers=[],consumes=[],produces=[],custom=[]}" onto public java.lang.String com.macroflag.dp_cms.web.CustomerController.add(com.macroflag.dp_cms.vo.CustomerModel)
2017-09-12 17:01:29 INFO  [Scanner-0][AbstractHandlerMethodMapping.java:181] - Mapped "{[/customer/update],methods=[POST],params=[],headers=[],consumes=[],produces=[],custom=[]}" onto public java.lang.String com.macroflag.dp_cms.web.CustomerController.update(com.macroflag.dp_cms.vo.CustomerModel)
2017-09-12 17:01:29 INFO  [Scanner-0][AbstractHandlerMethodMapping.java:181] - Mapped "{[/customer/delete],methods=[POST],params=[],headers=[],consumes=[],produces=[],custom=[]}" onto public java.lang.String com.macroflag.dp_cms.web.CustomerController.delete(int)
2017-09-12 17:01:29 INFO  [Scanner-0][AbstractHandlerMethodMapping.java:181] - Mapped "{[/customer/toAdd],methods=[GET],params=[],headers=[],consumes=[],produces=[],custom=[]}" onto public java.lang.String com.macroflag.dp_cms.web.CustomerController.toAdd()
2017-09-12 17:01:29 INFO  [Scanner-0][AbstractHandlerMethodMapping.java:181] - Mapped "{[/customer/toUpate/(customerUuid)],methods=[GET],params=[],headers=[],consumes=[],produces=[],custom=[]}" onto public java.lang.String com.macroflag.dp_cms.web.CustomerController.toUpdate(org.springframework.ui.Model,int)
2017-09-12 17:01:29 INFO  [Scanner-0][AbstractHandlerMethodMapping.java:181] - Mapped "{[/index/list],methods=[GET],params=[],headers=[],consumes=[],produces=[],custom=[]}" onto public java.lang.String com.macroflag.dp_cms.web.IndexController.index()
2017-09-12 17:01:29 INFO  [Scanner-0][AbstractHandlerMethodMapping.java:181] - Mapped "{[/analytics/index],methods=[GET],params=[],headers=[],consumes=[],produces=[],custom=[]}" onto public java.lang.String com.macroflag.dp_cms.web.MetadataController.index(org.springframework.ui.Model)
2017-09-12 17:01:29 INFO  [Scanner-0][AbstractHandlerMethodMapping.java:181] - Mapped "{[/analytics/1.gif],methods=[GET],params=[],headers=[],consumes=[],produces=[],custom=[]}" onto public void com.macroflag.dp_cms.web.MetadataController.add(javax.servlet.http.HttpServletResponse,com.macroflag.dp_cms.vo.MetadataModel)
2017-09-12 17:01:29 INFO  [Scanner-0][AbstractUrlHandlerMapping.java:315] - Mapped URL path [/**] onto handler 'org.springframework.web.servlet.resource.DefaultServletHttpRequestHandler#0'
2017-09-12 17:01:29 INFO  [Scanner-0][AbstractUrlHandlerMapping.java:315] - Mapped URL path [/static/**] onto handler 'org.springframework.web.servlet.resource.ResourceHttpRequestHandler#0'
2017-09-12 17:01:29 INFO  [Scanner-0][FrameworkServlet.java:480] - FrameworkServlet 'springmvc': initialization completed in 451 ms
2017-09-12 17:06:03 INFO  [Scanner-0][AbstractApplicationContext.java:873] - Closing WebApplicationContext for namespace 'springmvc-servlet': startup date [Tue Sep 12 17:01:29 CST 2017]; parent: Root WebApplicationContext
2017-09-12 17:06:03 INFO  [Scanner-0][AbstractApplicationContext.java:873] - Closing Root WebApplicationContext: startup date [Tue Sep 12 17:01:28 CST 2017]; root of context hierarchy
2017-09-12 17:06:06 INFO  [Scanner-0][ContextLoader.java:272] - Root WebApplicationContext: initialization started
2017-09-12 17:06:06 INFO  [Scanner-0][AbstractApplicationContext.java:513] - Refreshing Root WebApplicationContext: startup date [Tue Sep 12 17:06:06 CST 2017]; root of context hierarchy
2017-09-12 17:06:06 INFO  [Scanner-0][XmlBeanDefinitionReader.java:316] - Loading XML bean definitions from class path resource [applicationContext.xml]
2017-09-12 17:06:06 INFO  [Scanner-0][AutowiredAnnotationBeanPostProcessor.java:141] - JSR-330 'javax.inject.Inject' annotation found and supported for autowiring
2017-09-12 17:06:06 INFO  [Scanner-0][ContextLoader.java:312] - Root WebApplicationContext: initialization completed in 484 ms
2017-09-12 17:06:07 INFO  [Scanner-0][FrameworkServlet.java:461] - FrameworkServlet 'springmvc': initialization started
2017-09-12 17:06:07 INFO  [Scanner-0][AbstractApplicationContext.java:513] - Refreshing WebApplicationContext for namespace 'springmvc-servlet': startup date [Tue Sep 12 17:06:07 CST 2017]; parent: Root WebApplicationContext
2017-09-12 17:06:07 INFO  [Scanner-0][XmlBeanDefinitionReader.java:316] - Loading XML bean definitions from class path resource [spring-mvc.xml]
2017-09-12 17:06:07 INFO  [Scanner-0][AutowiredAnnotationBeanPostProcessor.java:141] - JSR-330 'javax.inject.Inject' annotation found and supported for autowiring
2017-09-12 17:06:07 INFO  [Scanner-0][AbstractHandlerMethodMapping.java:181] - Mapped "{[/customer/add],methods=[POST],params=[],headers=[],consumes=[],produces=[],custom=[]}" onto public java.lang.String com.macroflag.dp_cms.web.CustomerController.add(com.macroflag.dp_cms.vo.CustomerModel)
2017-09-12 17:06:07 INFO  [Scanner-0][AbstractHandlerMethodMapping.java:181] - Mapped "{[/customer/update],methods=[POST],params=[],headers=[],consumes=[],produces=[],custom=[]}" onto public java.lang.String com.macroflag.dp_cms.web.CustomerController.update(com.macroflag.dp_cms.vo.CustomerModel)
2017-09-12 17:06:07 INFO  [Scanner-0][AbstractHandlerMethodMapping.java:181] - Mapped "{[/customer/delete],methods=[POST],params=[],headers=[],consumes=[],produces=[],custom=[]}" onto public java.lang.String com.macroflag.dp_cms.web.CustomerController.delete(int)
2017-09-12 17:06:07 INFO  [Scanner-0][AbstractHandlerMethodMapping.java:181] - Mapped "{[/customer/toAdd],methods=[GET],params=[],headers=[],consumes=[],produces=[],custom=[]}" onto public java.lang.String com.macroflag.dp_cms.web.CustomerController.toAdd()
2017-09-12 17:06:07 INFO  [Scanner-0][AbstractHandlerMethodMapping.java:181] - Mapped "{[/customer/toUpate/(customerUuid)],methods=[GET],params=[],headers=[],consumes=[],produces=[],custom=[]}" onto public java.lang.String com.macroflag.dp_cms.web.CustomerController.toUpdate(org.springframework.ui.Model,int)
2017-09-12 17:06:07 INFO  [Scanner-0][AbstractHandlerMethodMapping.java:181] - Mapped "{[/index/list],methods=[GET],params=[],headers=[],consumes=[],produces=[],custom=[]}" onto public java.lang.String com.macroflag.dp_cms.web.IndexController.index()
2017-09-12 17:06:07 INFO  [Scanner-0][AbstractHandlerMethodMapping.java:181] - Mapped "{[/analytics/index],methods=[GET],params=[],headers=[],consumes=[],produces=[],custom=[]}" onto public java.lang.String com.macroflag.dp_cms.web.MetadataController.index(org.springframework.ui.Model)
2017-09-12 17:06:07 INFO  [Scanner-0][AbstractHandlerMethodMapping.java:181] - Mapped "{[/analytics/1.gif],methods=[GET],params=[],headers=[],consumes=[],produces=[],custom=[]}" onto public void com.macroflag.dp_cms.web.MetadataController.add(javax.servlet.http.HttpServletResponse,com.macroflag.dp_cms.vo.MetadataModel)
2017-09-12 17:06:07 INFO  [Scanner-0][AbstractUrlHandlerMapping.java:315] - Mapped URL path [/**] onto handler 'org.springframework.web.servlet.resource.DefaultServletHttpRequestHandler#0'
2017-09-12 17:06:07 INFO  [Scanner-0][AbstractUrlHandlerMapping.java:315] - Mapped URL path [/static/**] onto handler 'org.springframework.web.servlet.resource.ResourceHttpRequestHandler#0'
2017-09-12 17:06:07 INFO  [Scanner-0][FrameworkServlet.java:480] - FrameworkServlet 'springmvc': initialization completed in 280 ms
2017-09-12 17:06:39 INFO  [Scanner-0][AbstractApplicationContext.java:873] - Closing WebApplicationContext for namespace 'springmvc-servlet': startup date [Tue Sep 12 17:06:07 CST 2017]; parent: Root WebApplicationContext
2017-09-12 17:06:39 INFO  [Scanner-0][AbstractApplicationContext.java:873] - Closing Root WebApplicationContext: startup date [Tue Sep 12 17:06:06 CST 2017]; root of context hierarchy
2017-09-12 17:06:41 INFO  [Scanner-0][ContextLoader.java:272] - Root WebApplicationContext: initialization started
2017-09-12 17:06:41 INFO  [Scanner-0][AbstractApplicationContext.java:513] - Refreshing Root WebApplicationContext: startup date [Tue Sep 12 17:06:41 CST 2017]; root of context hierarchy
2017-09-12 17:06:41 INFO  [Scanner-0][XmlBeanDefinitionReader.java:316] - Loading XML bean definitions from class path resource [applicationContext.xml]
2017-09-12 17:06:42 INFO  [Scanner-0][AutowiredAnnotationBeanPostProcessor.java:141] - JSR-330 'javax.inject.Inject' annotation found and supported for autowiring
2017-09-12 17:06:42 INFO  [Scanner-0][ContextLoader.java:312] - Root WebApplicationContext: initialization completed in 544 ms
2017-09-12 17:06:42 INFO  [Scanner-0][FrameworkServlet.java:461] - FrameworkServlet 'springmvc': initialization started
2017-09-12 17:06:42 INFO  [Scanner-0][AbstractApplicationContext.java:513] - Refreshing WebApplicationContext for namespace 'springmvc-servlet': startup date [Tue Sep 12 17:06:42 CST 2017]; parent: Root WebApplicationContext
2017-09-12 17:06:42 INFO  [Scanner-0][XmlBeanDefinitionReader.java:316] - Loading XML bean definitions from class path resource [spring-mvc.xml]
2017-09-12 17:06:42 INFO  [Scanner-0][AutowiredAnnotationBeanPostProcessor.java:141] - JSR-330 'javax.inject.Inject' annotation found and supported for autowiring
2017-09-12 17:06:42 INFO  [Scanner-0][AbstractHandlerMethodMapping.java:181] - Mapped "{[/customer/add],methods=[POST],params=[],headers=[],consumes=[],produces=[],custom=[]}" onto public java.lang.String com.macroflag.dp_cms.web.CustomerController.add(com.macroflag.dp_cms.vo.CustomerModel)
2017-09-12 17:06:42 INFO  [Scanner-0][AbstractHandlerMethodMapping.java:181] - Mapped "{[/customer/update],methods=[POST],params=[],headers=[],consumes=[],produces=[],custom=[]}" onto public java.lang.String com.macroflag.dp_cms.web.CustomerController.update(com.macroflag.dp_cms.vo.CustomerModel)
2017-09-12 17:06:42 INFO  [Scanner-0][AbstractHandlerMethodMapping.java:181] - Mapped "{[/customer/delete],methods=[POST],params=[],headers=[],consumes=[],produces=[],custom=[]}" onto public java.lang.String com.macroflag.dp_cms.web.CustomerController.delete(int)
2017-09-12 17:06:42 INFO  [Scanner-0][AbstractHandlerMethodMapping.java:181] - Mapped "{[/customer/toAdd],methods=[GET],params=[],headers=[],consumes=[],produces=[],custom=[]}" onto public java.lang.String com.macroflag.dp_cms.web.CustomerController.toAdd()
2017-09-12 17:06:42 INFO  [Scanner-0][AbstractHandlerMethodMapping.java:181] - Mapped "{[/customer/toUpate/(customerUuid)],methods=[GET],params=[],headers=[],consumes=[],produces=[],custom=[]}" onto public java.lang.String com.macroflag.dp_cms.web.CustomerController.toUpdate(org.springframework.ui.Model,int)
2017-09-12 17:06:42 INFO  [Scanner-0][AbstractHandlerMethodMapping.java:181] - Mapped "{[/index/list],methods=[GET],params=[],headers=[],consumes=[],produces=[],custom=[]}" onto public java.lang.String com.macroflag.dp_cms.web.IndexController.index()
2017-09-12 17:06:42 INFO  [Scanner-0][AbstractHandlerMethodMapping.java:181] - Mapped "{[/analytics/index],methods=[GET],params=[],headers=[],consumes=[],produces=[],custom=[]}" onto public java.lang.String com.macroflag.dp_cms.web.MetadataController.index(org.springframework.ui.Model)
2017-09-12 17:06:42 INFO  [Scanner-0][AbstractHandlerMethodMapping.java:181] - Mapped "{[/analytics/1.gif],methods=[GET],params=[],headers=[],consumes=[],produces=[],custom=[]}" onto public void com.macroflag.dp_cms.web.MetadataController.add(javax.servlet.http.HttpServletResponse,com.macroflag.dp_cms.vo.MetadataModel)
2017-09-12 17:06:42 INFO  [Scanner-0][AbstractUrlHandlerMapping.java:315] - Mapped URL path [/**] onto handler 'org.springframework.web.servlet.resource.DefaultServletHttpRequestHandler#0'
2017-09-12 17:06:42 INFO  [Scanner-0][AbstractUrlHandlerMapping.java:315] - Mapped URL path [/static/**] onto handler 'org.springframework.web.servlet.resource.ResourceHttpRequestHandler#0'
2017-09-12 17:06:42 INFO  [Scanner-0][FrameworkServlet.java:480] - FrameworkServlet 'springmvc': initialization completed in 273 ms
2017-09-12 17:07:24 INFO  [Scanner-0][AbstractApplicationContext.java:873] - Closing WebApplicationContext for namespace 'springmvc-servlet': startup date [Tue Sep 12 17:06:42 CST 2017]; parent: Root WebApplicationContext
2017-09-12 17:07:24 INFO  [Scanner-0][AbstractApplicationContext.java:873] - Closing Root WebApplicationContext: startup date [Tue Sep 12 17:06:41 CST 2017]; root of context hierarchy
2017-09-12 17:07:27 INFO  [Scanner-0][ContextLoader.java:272] - Root WebApplicationContext: initialization started
2017-09-12 17:07:27 INFO  [Scanner-0][AbstractApplicationContext.java:513] - Refreshing Root WebApplicationContext: startup date [Tue Sep 12 17:07:27 CST 2017]; root of context hierarchy
2017-09-12 17:07:27 INFO  [Scanner-0][XmlBeanDefinitionReader.java:316] - Loading XML bean definitions from class path resource [applicationContext.xml]
2017-09-12 17:07:27 INFO  [Scanner-0][AutowiredAnnotationBeanPostProcessor.java:141] - JSR-330 'javax.inject.Inject' annotation found and supported for autowiring
2017-09-12 17:07:27 INFO  [Scanner-0][ContextLoader.java:312] - Root WebApplicationContext: initialization completed in 630 ms
2017-09-12 17:07:27 INFO  [Scanner-0][FrameworkServlet.java:461] - FrameworkServlet 'springmvc': initialization started
2017-09-12 17:07:27 INFO  [Scanner-0][AbstractApplicationContext.java:513] - Refreshing WebApplicationContext for namespace 'springmvc-servlet': startup date [Tue Sep 12 17:07:27 CST 2017]; parent: Root WebApplicationContext
2017-09-12 17:07:27 INFO  [Scanner-0][XmlBeanDefinitionReader.java:316] - Loading XML bean definitions from class path resource [spring-mvc.xml]
2017-09-12 17:07:27 INFO  [Scanner-0][AutowiredAnnotationBeanPostProcessor.java:141] - JSR-330 'javax.inject.Inject' annotation found and supported for autowiring
2017-09-12 17:07:27 INFO  [Scanner-0][AbstractHandlerMethodMapping.java:181] - Mapped "{[/customer/add],methods=[POST],params=[],headers=[],consumes=[],produces=[],custom=[]}" onto public java.lang.String com.macroflag.dp_cms.web.CustomerController.add(com.macroflag.dp_cms.vo.CustomerModel)
2017-09-12 17:07:27 INFO  [Scanner-0][AbstractHandlerMethodMapping.java:181] - Mapped "{[/customer/update],methods=[POST],params=[],headers=[],consumes=[],produces=[],custom=[]}" onto public java.lang.String com.macroflag.dp_cms.web.CustomerController.update(com.macroflag.dp_cms.vo.CustomerModel)
2017-09-12 17:07:27 INFO  [Scanner-0][AbstractHandlerMethodMapping.java:181] - Mapped "{[/customer/delete],methods=[POST],params=[],headers=[],consumes=[],produces=[],custom=[]}" onto public java.lang.String com.macroflag.dp_cms.web.CustomerController.delete(int)
2017-09-12 17:07:27 INFO  [Scanner-0][AbstractHandlerMethodMapping.java:181] - Mapped "{[/customer/toAdd],methods=[GET],params=[],headers=[],consumes=[],produces=[],custom=[]}" onto public java.lang.String com.macroflag.dp_cms.web.CustomerController.toAdd()
2017-09-12 17:07:27 INFO  [Scanner-0][AbstractHandlerMethodMapping.java:181] - Mapped "{[/customer/toUpate/(customerUuid)],methods=[GET],params=[],headers=[],consumes=[],produces=[],custom=[]}" onto public java.lang.String com.macroflag.dp_cms.web.CustomerController.toUpdate(org.springframework.ui.Model,int)
2017-09-12 17:07:27 INFO  [Scanner-0][AbstractHandlerMethodMapping.java:181] - Mapped "{[/index/list],methods=[GET],params=[],headers=[],consumes=[],produces=[],custom=[]}" onto public java.lang.String com.macroflag.dp_cms.web.IndexController.index()
2017-09-12 17:07:27 INFO  [Scanner-0][AbstractHandlerMethodMapping.java:181] - Mapped "{[/analytics/index],methods=[GET],params=[],headers=[],consumes=[],produces=[],custom=[]}" onto public java.lang.String com.macroflag.dp_cms.web.MetadataController.index(org.springframework.ui.Model)
2017-09-12 17:07:27 INFO  [Scanner-0][AbstractHandlerMethodMapping.java:181] - Mapped "{[/analytics/1.gif],methods=[GET],params=[],headers=[],consumes=[],produces=[],custom=[]}" onto public void com.macroflag.dp_cms.web.MetadataController.add(javax.servlet.http.HttpServletResponse,com.macroflag.dp_cms.vo.MetadataModel)
2017-09-12 17:07:28 INFO  [Scanner-0][AbstractUrlHandlerMapping.java:315] - Mapped URL path [/**] onto handler 'org.springframework.web.servlet.resource.DefaultServletHttpRequestHandler#0'
2017-09-12 17:07:28 INFO  [Scanner-0][AbstractUrlHandlerMapping.java:315] - Mapped URL path [/static/**] onto handler 'org.springframework.web.servlet.resource.ResourceHttpRequestHandler#0'
2017-09-12 17:07:28 INFO  [Scanner-0][FrameworkServlet.java:480] - FrameworkServlet 'springmvc': initialization completed in 314 ms
2017-09-12 17:59:25 INFO  [Scanner-0][AbstractApplicationContext.java:873] - Closing WebApplicationContext for namespace 'springmvc-servlet': startup date [Tue Sep 12 17:07:27 CST 2017]; parent: Root WebApplicationContext
2017-09-12 17:59:25 INFO  [Scanner-0][AbstractApplicationContext.java:873] - Closing Root WebApplicationContext: startup date [Tue Sep 12 17:07:27 CST 2017]; root of context hierarchy
2017-09-12 17:59:28 INFO  [Scanner-0][ContextLoader.java:272] - Root WebApplicationContext: initialization started
2017-09-12 17:59:28 INFO  [Scanner-0][AbstractApplicationContext.java:513] - Refreshing Root WebApplicationContext: startup date [Tue Sep 12 17:59:28 CST 2017]; root of context hierarchy
2017-09-12 17:59:28 INFO  [Scanner-0][XmlBeanDefinitionReader.java:316] - Loading XML bean definitions from class path resource [applicationContext.xml]
2017-09-12 17:59:28 INFO  [Scanner-0][AutowiredAnnotationBeanPostProcessor.java:141] - JSR-330 'javax.inject.Inject' annotation found and supported for autowiring
2017-09-12 17:59:29 INFO  [Scanner-0][ContextLoader.java:312] - Root WebApplicationContext: initialization completed in 413 ms
2017-09-12 17:59:29 INFO  [Scanner-0][FrameworkServlet.java:461] - FrameworkServlet 'springmvc': initialization started
2017-09-12 17:59:29 INFO  [Scanner-0][AbstractApplicationContext.java:513] - Refreshing WebApplicationContext for namespace 'springmvc-servlet': startup date [Tue Sep 12 17:59:29 CST 2017]; parent: Root WebApplicationContext
2017-09-12 17:59:29 INFO  [Scanner-0][XmlBeanDefinitionReader.java:316] - Loading XML bean definitions from class path resource [spring-mvc.xml]
2017-09-12 17:59:29 INFO  [Scanner-0][AutowiredAnnotationBeanPostProcessor.java:141] - JSR-330 'javax.inject.Inject' annotation found and supported for autowiring
2017-09-12 17:59:29 INFO  [Scanner-0][AbstractHandlerMethodMapping.java:181] - Mapped "{[/customer/add],methods=[POST],params=[],headers=[],consumes=[],produces=[],custom=[]}" onto public java.lang.String com.macroflag.dp_cms.web.CustomerController.add(com.macroflag.dp_cms.vo.CustomerModel)
2017-09-12 17:59:29 INFO  [Scanner-0][AbstractHandlerMethodMapping.java:181] - Mapped "{[/customer/update],methods=[POST],params=[],headers=[],consumes=[],produces=[],custom=[]}" onto public java.lang.String com.macroflag.dp_cms.web.CustomerController.update(com.macroflag.dp_cms.vo.CustomerModel)
2017-09-12 17:59:29 INFO  [Scanner-0][AbstractHandlerMethodMapping.java:181] - Mapped "{[/customer/delete],methods=[POST],params=[],headers=[],consumes=[],produces=[],custom=[]}" onto public java.lang.String com.macroflag.dp_cms.web.CustomerController.delete(int)
2017-09-12 17:59:29 INFO  [Scanner-0][AbstractHandlerMethodMapping.java:181] - Mapped "{[/customer/toAdd],methods=[GET],params=[],headers=[],consumes=[],produces=[],custom=[]}" onto public java.lang.String com.macroflag.dp_cms.web.CustomerController.toAdd()
2017-09-12 17:59:29 INFO  [Scanner-0][AbstractHandlerMethodMapping.java:181] - Mapped "{[/customer/toUpate/(customerUuid)],methods=[GET],params=[],headers=[],consumes=[],produces=[],custom=[]}" onto public java.lang.String com.macroflag.dp_cms.web.CustomerController.toUpdate(org.springframework.ui.Model,int)
2017-09-12 17:59:29 INFO  [Scanner-0][AbstractHandlerMethodMapping.java:181] - Mapped "{[/index/list],methods=[GET],params=[],headers=[],consumes=[],produces=[],custom=[]}" onto public java.lang.String com.macroflag.dp_cms.web.IndexController.index()
2017-09-12 17:59:29 INFO  [Scanner-0][AbstractHandlerMethodMapping.java:181] - Mapped "{[/analytics/index],methods=[GET],params=[],headers=[],consumes=[],produces=[],custom=[]}" onto public java.lang.String com.macroflag.dp_cms.web.MetadataController.index(org.springframework.ui.Model)
2017-09-12 17:59:29 INFO  [Scanner-0][AbstractHandlerMethodMapping.java:181] - Mapped "{[/analytics/1.gif],methods=[GET],params=[],headers=[],consumes=[],produces=[],custom=[]}" onto public void com.macroflag.dp_cms.web.MetadataController.add(javax.servlet.http.HttpServletResponse,com.macroflag.dp_cms.vo.MetadataModel)
2017-09-12 17:59:29 INFO  [Scanner-0][AbstractUrlHandlerMapping.java:315] - Mapped URL path [/**] onto handler 'org.springframework.web.servlet.resource.DefaultServletHttpRequestHandler#0'
2017-09-12 17:59:29 INFO  [Scanner-0][AbstractUrlHandlerMapping.java:315] - Mapped URL path [/static/**] onto handler 'org.springframework.web.servlet.resource.ResourceHttpRequestHandler#0'
2017-09-12 17:59:29 INFO  [Scanner-0][FrameworkServlet.java:480] - FrameworkServlet 'springmvc': initialization completed in 302 ms
2017-09-12 18:04:02 INFO  [main][ContextLoader.java:272] - Root WebApplicationContext: initialization started
2017-09-12 18:04:02 INFO  [main][AbstractApplicationContext.java:513] - Refreshing Root WebApplicationContext: startup date [Tue Sep 12 18:04:02 CST 2017]; root of context hierarchy
2017-09-12 18:04:02 INFO  [main][XmlBeanDefinitionReader.java:316] - Loading XML bean definitions from class path resource [applicationContext.xml]
2017-09-12 18:04:02 INFO  [main][AutowiredAnnotationBeanPostProcessor.java:141] - JSR-330 'javax.inject.Inject' annotation found and supported for autowiring
2017-09-12 18:04:02 INFO  [main][ContextLoader.java:312] - Root WebApplicationContext: initialization completed in 522 ms
2017-09-12 18:04:02 INFO  [main][FrameworkServlet.java:461] - FrameworkServlet 'springmvc': initialization started
2017-09-12 18:04:02 INFO  [main][AbstractApplicationContext.java:513] - Refreshing WebApplicationContext for namespace 'springmvc-servlet': startup date [Tue Sep 12 18:04:02 CST 2017]; parent: Root WebApplicationContext
2017-09-12 18:04:02 INFO  [main][XmlBeanDefinitionReader.java:316] - Loading XML bean definitions from class path resource [spring-mvc.xml]
2017-09-12 18:04:03 INFO  [main][AutowiredAnnotationBeanPostProcessor.java:141] - JSR-330 'javax.inject.Inject' annotation found and supported for autowiring
2017-09-12 18:04:03 INFO  [main][AbstractHandlerMethodMapping.java:181] - Mapped "{[/customer/add],methods=[POST],params=[],headers=[],consumes=[],produces=[],custom=[]}" onto public java.lang.String com.macroflag.dp_cms.web.CustomerController.add(com.macroflag.dp_cms.vo.CustomerModel)
2017-09-12 18:04:03 INFO  [main][AbstractHandlerMethodMapping.java:181] - Mapped "{[/customer/update],methods=[POST],params=[],headers=[],consumes=[],produces=[],custom=[]}" onto public java.lang.String com.macroflag.dp_cms.web.CustomerController.update(com.macroflag.dp_cms.vo.CustomerModel)
2017-09-12 18:04:03 INFO  [main][AbstractHandlerMethodMapping.java:181] - Mapped "{[/customer/delete],methods=[POST],params=[],headers=[],consumes=[],produces=[],custom=[]}" onto public java.lang.String com.macroflag.dp_cms.web.CustomerController.delete(int)
2017-09-12 18:04:03 INFO  [main][AbstractHandlerMethodMapping.java:181] - Mapped "{[/customer/toAdd],methods=[GET],params=[],headers=[],consumes=[],produces=[],custom=[]}" onto public java.lang.String com.macroflag.dp_cms.web.CustomerController.toAdd()
2017-09-12 18:04:03 INFO  [main][AbstractHandlerMethodMapping.java:181] - Mapped "{[/customer/toUpate/(customerUuid)],methods=[GET],params=[],headers=[],consumes=[],produces=[],custom=[]}" onto public java.lang.String com.macroflag.dp_cms.web.CustomerController.toUpdate(org.springframework.ui.Model,int)
2017-09-12 18:04:03 INFO  [main][AbstractHandlerMethodMapping.java:181] - Mapped "{[/index/list],methods=[GET],params=[],headers=[],consumes=[],produces=[],custom=[]}" onto public java.lang.String com.macroflag.dp_cms.web.IndexController.index()
2017-09-12 18:04:03 INFO  [main][AbstractHandlerMethodMapping.java:181] - Mapped "{[/analytics/index],methods=[GET],params=[],headers=[],consumes=[],produces=[],custom=[]}" onto public java.lang.String com.macroflag.dp_cms.web.MetadataController.index(org.springframework.ui.Model)
2017-09-12 18:04:03 INFO  [main][AbstractHandlerMethodMapping.java:181] - Mapped "{[/analytics/1.gif],methods=[GET],params=[],headers=[],consumes=[],produces=[],custom=[]}" onto public void com.macroflag.dp_cms.web.MetadataController.add(javax.servlet.http.HttpServletResponse,com.macroflag.dp_cms.vo.MetadataModel)
2017-09-12 18:04:03 INFO  [main][AbstractUrlHandlerMapping.java:315] - Mapped URL path [/**] onto handler 'org.springframework.web.servlet.resource.DefaultServletHttpRequestHandler#0'
2017-09-12 18:04:03 INFO  [main][AbstractUrlHandlerMapping.java:315] - Mapped URL path [/static/**] onto handler 'org.springframework.web.servlet.resource.ResourceHttpRequestHandler#0'
2017-09-12 18:04:03 INFO  [main][FrameworkServlet.java:480] - FrameworkServlet 'springmvc': initialization completed in 651 ms
